c:\users\alexs\source\repos\sozinovap\mp2-lab2-matrix\sln\vc10\debug\vc142.pdb
c:\users\alexs\source\repos\sozinovap\mp2-lab2-matrix\sln\vc10\debug\vc142.idb
c:\users\alexs\source\repos\sozinovap\mp2-lab2-matrix\sln\vc10\debug\sample_matrix.obj
c:\users\alexs\source\repos\sozinovap\mp2-lab2-matrix\sln\vc10\debug\sample_utmatrix.exe
c:\users\alexs\source\repos\sozinovap\mp2-lab2-matrix\sln\vc10\debug\sample_utmatrix.ilk
c:\users\alexs\source\repos\sozinovap\mp2-lab2-matrix\sln\vc10\debug\sample_utmatrix.pdb
c:\users\alexs\source\repos\sozinovap\mp2-lab2-matrix\sln\vc10\debug\gtest-all.obj
c:\users\alexs\source\repos\sozinovap\mp2-lab2-matrix\sln\vc10\debug\test_main.obj
c:\users\alexs\source\repos\sozinovap\mp2-lab2-matrix\sln\vc10\debug\test_tmatrix.obj
c:\users\alexs\source\repos\sozinovap\mp2-lab2-matrix\sln\vc10\debug\test_tvector.obj
c:\users\alexs\source\repos\sozinovap\mp2-lab2-matrix\sln\vc10\debug\test_utmatrix.ilk
c:\users\alexs\source\repos\sozinovap\mp2-lab2-matrix\sln\vc10\debug\gtest.idb
c:\users\alexs\source\repos\sozinovap\mp2-lab2-matrix\sln\vc10\debug\gtest.pdb
c:\users\alexs\source\repos\sozinovap\mp2-lab2-matrix\sln\vc10\debug\test_utmatrix.pdb
c:\users\alexs\source\repos\sozinovap\mp2-lab2-matrix\sln\vc10\debug\sample_utmatrix.tlog\cl.command.1.tlog
c:\users\alexs\source\repos\sozinovap\mp2-lab2-matrix\sln\vc10\debug\sample_utmatrix.tlog\cl.read.1.tlog
c:\users\alexs\source\repos\sozinovap\mp2-lab2-matrix\sln\vc10\debug\sample_utmatrix.tlog\cl.write.1.tlog
c:\users\alexs\source\repos\sozinovap\mp2-lab2-matrix\sln\vc10\debug\sample_utmatrix.tlog\link.10588.delete.1.tlog
c:\users\alexs\source\repos\sozinovap\mp2-lab2-matrix\sln\vc10\debug\sample_utmatrix.tlog\link.command.1.tlog
c:\users\alexs\source\repos\sozinovap\mp2-lab2-matrix\sln\vc10\debug\sample_utmatrix.tlog\link.read.1.tlog
c:\users\alexs\source\repos\sozinovap\mp2-lab2-matrix\sln\vc10\debug\sample_utmatrix.tlog\link.write.1.tlog
